<?xml version="1.0" encoding="UTF-8"?>
<coverage generated="1647885394890" clover="3.2.0">
  <project timestamp="1647885394890" name="All files">
    <metrics statements="45" coveredstatements="39" conditionals="10" coveredconditionals="6" methods="23" coveredmethods="16" elements="78" coveredelements="61" complexity="0" loc="45" ncloc="45" packages="2" files="4" classes="4"/>
    <package name="src">
      <metrics statements="2" coveredstatements="2" conditionals="0" coveredconditionals="0" methods="1" coveredmethods="1"/>
      <file name="App.js" path="C:\Users\Javier\vsc\task_management_app\task_managament_fe\src\App.js">
        <metrics statements="2" coveredstatements="2" conditionals="0" coveredconditionals="0" methods="1" coveredmethods="1"/>
        <line num="6" count="1" type="stmt"/>
        <line num="8" count="1" type="stmt"/>
      </file>
    </package>
    <package name="src.components">
      <metrics statements="43" coveredstatements="37" conditionals="10" coveredconditionals="6" methods="22" coveredmethods="15"/>
      <file name="AddItemForm.js" path="C:\Users\Javier\vsc\task_management_app\task_managament_fe\src\components\AddItemForm.js">
        <metrics statements="18" coveredstatements="17" conditionals="0" coveredconditionals="0" methods="8" coveredmethods="6"/>
        <line num="4" count="3" type="stmt"/>
        <line num="7" count="12" type="stmt"/>
        <line num="9" count="12" type="stmt"/>
        <line num="10" count="12" type="stmt"/>
        <line num="12" count="12" type="stmt"/>
        <line num="14" count="12" type="stmt"/>
        <line num="15" count="12" type="stmt"/>
        <line num="18" count="12" type="stmt"/>
        <line num="19" count="1" type="stmt"/>
        <line num="20" count="1" type="stmt"/>
        <line num="28" count="1" type="stmt"/>
        <line num="30" count="1" type="stmt"/>
        <line num="31" count="1" type="stmt"/>
        <line num="32" count="1" type="stmt"/>
        <line num="33" count="1" type="stmt"/>
        <line num="37" count="12" type="stmt"/>
        <line num="64" count="5" type="stmt"/>
        <line num="75" count="0" type="stmt"/>
      </file>
      <file name="ItemDisplay.js" path="C:\Users\Javier\vsc\task_management_app\task_managament_fe\src\components\ItemDisplay.js">
        <metrics statements="9" coveredstatements="9" conditionals="6" coveredconditionals="3" methods="5" coveredmethods="5"/>
        <line num="4" count="3" type="stmt"/>
        <line num="7" count="3" type="stmt"/>
        <line num="9" count="3" type="stmt"/>
        <line num="10" count="1" type="stmt"/>
        <line num="19" count="1" type="stmt"/>
        <line num="23" count="3" type="stmt"/>
        <line num="24" count="1" type="stmt"/>
        <line num="25" count="1" type="stmt"/>
        <line num="29" count="3" type="stmt"/>
      </file>
      <file name="TaskListCard.js" path="C:\Users\Javier\vsc\task_management_app\task_managament_fe\src\components\TaskListCard.js">
        <metrics statements="16" coveredstatements="11" conditionals="4" coveredconditionals="3" methods="9" coveredmethods="4"/>
        <line num="5" count="2" type="stmt"/>
        <line num="8" count="3" type="stmt"/>
        <line num="10" count="3" type="stmt"/>
        <line num="11" count="2" type="stmt"/>
        <line num="12" count="1" type="stmt"/>
        <line num="16" count="3" type="stmt"/>
        <line num="18" count="0" type="stmt"/>
        <line num="23" count="3" type="stmt"/>
        <line num="25" count="0" type="stmt"/>
        <line num="26" count="0" type="stmt"/>
        <line num="35" count="3" type="stmt"/>
        <line num="37" count="0" type="stmt"/>
        <line num="38" count="0" type="stmt"/>
        <line num="43" count="3" type="cond" truecount="2" falsecount="0"/>
        <line num="45" count="1" type="stmt"/>
        <line num="53" count="1" type="stmt"/>
      </file>
    </package>
  </project>
</coverage>
