{"C:\\Users\\Javier\\vsc\\task_management_app\\task_managament_fe\\src\\App.js": {"path":"C:\\Users\\Javier\\vsc\\task_management_app\\task_managament_fe\\src\\App.js","statementMap":{"0":{"start":{"line":6,"column":34},"end":{"line":6,"column":48}},"1":{"start":{"line":8,"column":2},"end":{"line":30,"column":4}}},"fnMap":{"0":{"name":"BasicExample","decl":{"start":{"line":5,"column":24},"end":{"line":5,"column":36}},"loc":{"start":{"line":5,"column":39},"end":{"line":31,"column":1}},"line":5}},"branchMap":{},"s":{"0":1,"1":1},"f":{"0":1},"b":{},"_coverageSchema":"1a1c01bbd47fc00a2c39e90264f33305004495a9","hash":"e83715cf2b9efc085847edbf097499c066beac02"}
,"C:\\Users\\Javier\\vsc\\task_management_app\\task_managament_fe\\src\\components\\AddItemForm.js": {"path":"C:\\Users\\Javier\\vsc\\task_management_app\\task_managament_fe\\src\\components\\AddItemForm.js","statementMap":{"0":{"start":{"line":4,"column":35},"end":{"line":4,"column":46}},"1":{"start":{"line":7,"column":51},"end":{"line":7,"column":65}},"2":{"start":{"line":9,"column":34},"end":{"line":9,"column":52}},"3":{"start":{"line":10,"column":40},"end":{"line":10,"column":66}},"4":{"start":{"line":12,"column":28},"end":{"line":12,"column":49}},"5":{"start":{"line":14,"column":24},"end":{"line":14,"column":44}},"6":{"start":{"line":14,"column":30},"end":{"line":14,"column":44}},"7":{"start":{"line":15,"column":23},"end":{"line":15,"column":42}},"8":{"start":{"line":15,"column":29},"end":{"line":15,"column":42}},"9":{"start":{"line":18,"column":26},"end":{"line":35,"column":3}},"10":{"start":{"line":19,"column":6},"end":{"line":19,"column":25}},"11":{"start":{"line":20,"column":6},"end":{"line":34,"column":13}},"12":{"start":{"line":28,"column":21},"end":{"line":28,"column":29}},"13":{"start":{"line":30,"column":14},"end":{"line":30,"column":30}},"14":{"start":{"line":31,"column":14},"end":{"line":31,"column":29}},"15":{"start":{"line":32,"column":14},"end":{"line":32,"column":40}},"16":{"start":{"line":33,"column":14},"end":{"line":33,"column":29}},"17":{"start":{"line":37,"column":4},"end":{"line":92,"column":6}},"18":{"start":{"line":64,"column":49},"end":{"line":64,"column":75}},"19":{"start":{"line":75,"column":49},"end":{"line":75,"column":78}}},"fnMap":{"0":{"name":"AddItemForm","decl":{"start":{"line":6,"column":24},"end":{"line":6,"column":35}},"loc":{"start":{"line":6,"column":51},"end":{"line":93,"column":1}},"line":6},"1":{"name":"(anonymous_1)","decl":{"start":{"line":14,"column":24},"end":{"line":14,"column":25}},"loc":{"start":{"line":14,"column":30},"end":{"line":14,"column":44}},"line":14},"2":{"name":"(anonymous_2)","decl":{"start":{"line":15,"column":23},"end":{"line":15,"column":24}},"loc":{"start":{"line":15,"column":29},"end":{"line":15,"column":42}},"line":15},"3":{"name":"(anonymous_3)","decl":{"start":{"line":18,"column":26},"end":{"line":18,"column":27}},"loc":{"start":{"line":18,"column":31},"end":{"line":35,"column":3}},"line":18},"4":{"name":"(anonymous_4)","decl":{"start":{"line":28,"column":16},"end":{"line":28,"column":17}},"loc":{"start":{"line":28,"column":21},"end":{"line":28,"column":29}},"line":28},"5":{"name":"(anonymous_5)","decl":{"start":{"line":29,"column":16},"end":{"line":29,"column":17}},"loc":{"start":{"line":29,"column":24},"end":{"line":34,"column":11}},"line":29},"6":{"name":"(anonymous_6)","decl":{"start":{"line":64,"column":44},"end":{"line":64,"column":45}},"loc":{"start":{"line":64,"column":49},"end":{"line":64,"column":75}},"line":64},"7":{"name":"(anonymous_7)","decl":{"start":{"line":75,"column":44},"end":{"line":75,"column":45}},"loc":{"start":{"line":75,"column":49},"end":{"line":75,"column":78}},"line":75}},"branchMap":{},"s":{"0":3,"1":12,"2":12,"3":12,"4":12,"5":12,"6":0,"7":12,"8":1,"9":12,"10":1,"11":1,"12":1,"13":1,"14":1,"15":1,"16":1,"17":12,"18":5,"19":0},"f":{"0":12,"1":0,"2":1,"3":1,"4":1,"5":1,"6":5,"7":0},"b":{},"_coverageSchema":"1a1c01bbd47fc00a2c39e90264f33305004495a9","hash":"80200723a1da7059a78ade23d44fc83b1977b7cf"}
,"C:\\Users\\Javier\\vsc\\task_management_app\\task_managament_fe\\src\\components\\ItemDisplay.js": {"path":"C:\\Users\\Javier\\vsc\\task_management_app\\task_managament_fe\\src\\components\\ItemDisplay.js","statementMap":{"0":{"start":{"line":4,"column":35},"end":{"line":4,"column":46}},"1":{"start":{"line":7,"column":44},"end":{"line":7,"column":58}},"2":{"start":{"line":9,"column":29},"end":{"line":21,"column":5}},"3":{"start":{"line":10,"column":8},"end":{"line":20,"column":32}},"4":{"start":{"line":19,"column":23},"end":{"line":19,"column":31}},"5":{"start":{"line":23,"column":23},"end":{"line":27,"column":5}},"6":{"start":{"line":24,"column":8},"end":{"line":26,"column":10}},"7":{"start":{"line":25,"column":12},"end":{"line":25,"column":31}},"8":{"start":{"line":29,"column":4},"end":{"line":71,"column":6}}},"fnMap":{"0":{"name":"ItemDisplay","decl":{"start":{"line":6,"column":24},"end":{"line":6,"column":35}},"loc":{"start":{"line":6,"column":75},"end":{"line":72,"column":1}},"line":6},"1":{"name":"(anonymous_1)","decl":{"start":{"line":9,"column":29},"end":{"line":9,"column":30}},"loc":{"start":{"line":9,"column":35},"end":{"line":21,"column":5}},"line":9},"2":{"name":"(anonymous_2)","decl":{"start":{"line":19,"column":18},"end":{"line":19,"column":19}},"loc":{"start":{"line":19,"column":23},"end":{"line":19,"column":31}},"line":19},"3":{"name":"(anonymous_3)","decl":{"start":{"line":23,"column":23},"end":{"line":23,"column":24}},"loc":{"start":{"line":23,"column":29},"end":{"line":27,"column":5}},"line":23},"4":{"name":"(anonymous_4)","decl":{"start":{"line":24,"column":79},"end":{"line":24,"column":80}},"loc":{"start":{"line":25,"column":12},"end":{"line":25,"column":31}},"line":25}},"branchMap":{"0":{"loc":{"start":{"line":30,"column":79},"end":{"line":30,"column":108}},"type":"binary-expr","locations":[{"start":{"line":30,"column":79},"end":{"line":30,"column":93}},{"start":{"line":30,"column":97},"end":{"line":30,"column":108}}],"line":30},"1":{"loc":{"start":{"line":48,"column":26},"end":{"line":50,"column":55}},"type":"cond-expr","locations":[{"start":{"line":49,"column":32},"end":{"line":49,"column":57}},{"start":{"line":50,"column":32},"end":{"line":50,"column":55}}],"line":48},"2":{"loc":{"start":{"line":54,"column":30},"end":{"line":54,"column":78}},"type":"cond-expr","locations":[{"start":{"line":54,"column":47},"end":{"line":54,"column":64}},{"start":{"line":54,"column":67},"end":{"line":54,"column":78}}],"line":54}},"s":{"0":3,"1":3,"2":3,"3":1,"4":1,"5":3,"6":1,"7":1,"8":3},"f":{"0":3,"1":1,"2":1,"3":1,"4":1},"b":{"0":[3,0],"1":[0,3],"2":[0,3]},"_coverageSchema":"1a1c01bbd47fc00a2c39e90264f33305004495a9","hash":"ec4eae3b3eb26429b8896490256494931c64b522"}
,"C:\\Users\\Javier\\vsc\\task_management_app\\task_managament_fe\\src\\components\\TaskListCard.js": {"path":"C:\\Users\\Javier\\vsc\\task_management_app\\task_managament_fe\\src\\components\\TaskListCard.js","statementMap":{"0":{"start":{"line":5,"column":35},"end":{"line":5,"column":46}},"1":{"start":{"line":8,"column":30},"end":{"line":8,"column":50}},"2":{"start":{"line":10,"column":4},"end":{"line":14,"column":11}},"3":{"start":{"line":11,"column":8},"end":{"line":13,"column":28}},"4":{"start":{"line":12,"column":23},"end":{"line":12,"column":31}},"5":{"start":{"line":16,"column":22},"end":{"line":21,"column":5}},"6":{"start":{"line":18,"column":12},"end":{"line":18,"column":42}},"7":{"start":{"line":23,"column":25},"end":{"line":33,"column":5}},"8":{"start":{"line":25,"column":26},"end":{"line":25,"column":64}},"9":{"start":{"line":25,"column":47},"end":{"line":25,"column":63}},"10":{"start":{"line":26,"column":12},"end":{"line":30,"column":15}},"11":{"start":{"line":35,"column":26},"end":{"line":41,"column":5}},"12":{"start":{"line":37,"column":26},"end":{"line":37,"column":64}},"13":{"start":{"line":37,"column":47},"end":{"line":37,"column":63}},"14":{"start":{"line":38,"column":12},"end":{"line":38,"column":76}},"15":{"start":{"line":43,"column":4},"end":{"line":43,"column":44}},"16":{"start":{"line":43,"column":24},"end":{"line":43,"column":44}},"17":{"start":{"line":45,"column":4},"end":{"line":61,"column":6}},"18":{"start":{"line":53,"column":16},"end":{"line":58,"column":18}}},"fnMap":{"0":{"name":"TaskListCard","decl":{"start":{"line":7,"column":24},"end":{"line":7,"column":36}},"loc":{"start":{"line":7,"column":39},"end":{"line":62,"column":1}},"line":7},"1":{"name":"(anonymous_1)","decl":{"start":{"line":10,"column":20},"end":{"line":10,"column":21}},"loc":{"start":{"line":10,"column":26},"end":{"line":14,"column":5}},"line":10},"2":{"name":"(anonymous_2)","decl":{"start":{"line":12,"column":18},"end":{"line":12,"column":19}},"loc":{"start":{"line":12,"column":23},"end":{"line":12,"column":31}},"line":12},"3":{"name":"(anonymous_3)","decl":{"start":{"line":17,"column":8},"end":{"line":17,"column":9}},"loc":{"start":{"line":17,"column":19},"end":{"line":19,"column":9}},"line":17},"4":{"name":"(anonymous_4)","decl":{"start":{"line":24,"column":8},"end":{"line":24,"column":9}},"loc":{"start":{"line":24,"column":16},"end":{"line":31,"column":9}},"line":24},"5":{"name":"(anonymous_5)","decl":{"start":{"line":25,"column":42},"end":{"line":25,"column":43}},"loc":{"start":{"line":25,"column":47},"end":{"line":25,"column":63}},"line":25},"6":{"name":"(anonymous_6)","decl":{"start":{"line":36,"column":8},"end":{"line":36,"column":9}},"loc":{"start":{"line":36,"column":16},"end":{"line":39,"column":9}},"line":36},"7":{"name":"(anonymous_7)","decl":{"start":{"line":37,"column":42},"end":{"line":37,"column":43}},"loc":{"start":{"line":37,"column":47},"end":{"line":37,"column":63}},"line":37},"8":{"name":"(anonymous_8)","decl":{"start":{"line":52,"column":23},"end":{"line":52,"column":24}},"loc":{"start":{"line":53,"column":16},"end":{"line":58,"column":18}},"line":53}},"branchMap":{"0":{"loc":{"start":{"line":43,"column":4},"end":{"line":43,"column":44}},"type":"if","locations":[{"start":{"line":43,"column":4},"end":{"line":43,"column":44}},{"start":{},"end":{}}],"line":43},"1":{"loc":{"start":{"line":49,"column":13},"end":{"line":51,"column":13}},"type":"binary-expr","locations":[{"start":{"line":49,"column":13},"end":{"line":49,"column":31}},{"start":{"line":50,"column":16},"end":{"line":50,"column":75}}],"line":49}},"s":{"0":2,"1":3,"2":3,"3":2,"4":1,"5":3,"6":0,"7":3,"8":0,"9":0,"10":0,"11":3,"12":0,"13":0,"14":0,"15":3,"16":2,"17":1,"18":1},"f":{"0":3,"1":2,"2":1,"3":0,"4":0,"5":0,"6":0,"7":0,"8":1},"b":{"0":[2,1],"1":[1,0]},"_coverageSchema":"1a1c01bbd47fc00a2c39e90264f33305004495a9","hash":"3fe3b87f381201e76bd252d32932b5612c73ac8c"}
}
