TN:
SF:src\App.js
FN:5,BasicExample
FNF:1
FNH:1
FNDA:1,BasicExample
DA:6,1
DA:8,1
LF:2
LH:2
BRF:0
BRH:0
end_of_record
TN:
SF:src\components\AddItemForm.js
FN:6,AddItemForm
FN:14,(anonymous_1)
FN:15,(anonymous_2)
FN:18,(anonymous_3)
FN:28,(anonymous_4)
FN:29,(anonymous_5)
FN:64,(anonymous_6)
FN:75,(anonymous_7)
FNF:8
FNH:6
FNDA:12,AddItemForm
FNDA:0,(anonymous_1)
FNDA:1,(anonymous_2)
FNDA:1,(anonymous_3)
FNDA:1,(anonymous_4)
FNDA:1,(anonymous_5)
FNDA:5,(anonymous_6)
FNDA:0,(anonymous_7)
DA:4,3
DA:7,12
DA:9,12
DA:10,12
DA:12,12
DA:14,12
DA:15,12
DA:18,12
DA:19,1
DA:20,1
DA:28,1
DA:30,1
DA:31,1
DA:32,1
DA:33,1
DA:37,12
DA:64,5
DA:75,0
LF:18
LH:17
BRF:0
BRH:0
end_of_record
TN:
SF:src\components\ItemDisplay.js
FN:6,ItemDisplay
FN:9,(anonymous_1)
FN:19,(anonymous_2)
FN:23,(anonymous_3)
FN:24,(anonymous_4)
FNF:5
FNH:5
FNDA:3,ItemDisplay
FNDA:1,(anonymous_1)
FNDA:1,(anonymous_2)
FNDA:1,(anonymous_3)
FNDA:1,(anonymous_4)
DA:4,3
DA:7,3
DA:9,3
DA:10,1
DA:19,1
DA:23,3
DA:24,1
DA:25,1
DA:29,3
LF:9
LH:9
BRDA:30,0,0,3
BRDA:30,0,1,0
BRDA:48,1,0,0
BRDA:48,1,1,3
BRDA:54,2,0,0
BRDA:54,2,1,3
BRF:6
BRH:3
end_of_record
TN:
SF:src\components\TaskListCard.js
FN:7,TaskListCard
FN:10,(anonymous_1)
FN:12,(anonymous_2)
FN:17,(anonymous_3)
FN:24,(anonymous_4)
FN:25,(anonymous_5)
FN:36,(anonymous_6)
FN:37,(anonymous_7)
FN:52,(anonymous_8)
FNF:9
FNH:4
FNDA:3,TaskListCard
FNDA:2,(anonymous_1)
FNDA:1,(anonymous_2)
FNDA:0,(anonymous_3)
FNDA:0,(anonymous_4)
FNDA:0,(anonymous_5)
FNDA:0,(anonymous_6)
FNDA:0,(anonymous_7)
FNDA:1,(anonymous_8)
DA:5,2
DA:8,3
DA:10,3
DA:11,2
DA:12,1
DA:16,3
DA:18,0
DA:23,3
DA:25,0
DA:26,0
DA:35,3
DA:37,0
DA:38,0
DA:43,3
DA:45,1
DA:53,1
LF:16
LH:11
BRDA:43,0,0,2
BRDA:43,0,1,1
BRDA:49,1,0,1
BRDA:49,1,1,0
BRF:4
BRH:3
end_of_record
